The system is: Darwin - 15.6.0 - x86_64
Compiling the C compiler identification source file "CMakeCCompilerId.c" succeeded.
Compiler: /Applications/Xcode.app/Contents/Developer/Toolchains/XcodeDefault.xctoolchain/usr/bin/cc 
Build flags: 
Id flags:  

The output was:
0


Compilation of the C compiler identification source "CMakeCCompilerId.c" produced "a.out"

The C compiler identification is AppleClang, found in "/Users/aleksandar/Projects/SuperCollider/_KStrongDecay/build/CMakeFiles/3.19.1/CompilerIdC/a.out"

Compiling the CXX compiler identification source file "CMakeCXXCompilerId.cpp" succeeded.
Compiler: /Applications/Xcode.app/Contents/Developer/Toolchains/XcodeDefault.xctoolchain/usr/bin/c++ 
Build flags: 
Id flags:  

The output was:
0


Compilation of the CXX compiler identification source "CMakeCXXCompilerId.cpp" produced "a.out"

The CXX compiler identification is AppleClang, found in "/Users/aleksandar/Projects/SuperCollider/_KStrongDecay/build/CMakeFiles/3.19.1/CompilerIdCXX/a.out"

Detecting C compiler ABI info compiled with the following output:
Change Dir: /Users/aleksandar/Projects/SuperCollider/_KStrongDecay/build/CMakeFiles/CMakeTmp

Run Build Command(s):/usr/bin/make cmTC_eb808/fast && /Applications/Xcode.app/Contents/Developer/usr/bin/make  -f CMakeFiles/cmTC_eb808.dir/build.make CMakeFiles/cmTC_eb808.dir/build
Building C object CMakeFiles/cmTC_eb808.dir/CMakeCCompilerABI.c.o
/Applications/Xcode.app/Contents/Developer/Toolchains/XcodeDefault.xctoolchain/usr/bin/cc   -v -Wl,-v -o CMakeFiles/cmTC_eb808.dir/CMakeCCompilerABI.c.o -c /usr/local/Cellar/cmake/3.19.1/share/cmake/Modules/CMakeCCompilerABI.c
Apple LLVM version 8.0.0 (clang-800.0.38)
Target: x86_64-apple-darwin15.6.0
Thread model: posix
InstalledDir: /Applications/Xcode.app/Contents/Developer/Toolchains/XcodeDefault.xctoolchain/usr/bin
clang: warning: -Wl,-v: 'linker' input unused
 "/Applications/Xcode.app/Contents/Developer/Toolchains/XcodeDefault.xctoolchain/usr/bin/clang" -cc1 -triple x86_64-apple-macosx10.11.0 -Wdeprecated-objc-isa-usage -Werror=deprecated-objc-isa-usage -emit-obj -mrelax-all -disable-free -disable-llvm-verifier -discard-value-names -main-file-name CMakeCCompilerABI.c -mrelocation-model pic -pic-level 2 -mthread-model posix -mdisable-fp-elim -masm-verbose -munwind-tables -target-cpu core2 -target-linker-version 274.1 -v -dwarf-column-info -debugger-tuning=lldb -coverage-file /Users/aleksandar/Projects/SuperCollider/_KStrongDecay/build/CMakeFiles/CMakeTmp/CMakeFiles/cmTC_eb808.dir/CMakeCCompilerABI.c.o -resource-dir /Applications/Xcode.app/Contents/Developer/Toolchains/XcodeDefault.xctoolchain/usr/bin/../lib/clang/8.0.0 -fdebug-compilation-dir /Users/aleksandar/Projects/SuperCollider/_KStrongDecay/build/CMakeFiles/CMakeTmp -ferror-limit 19 -fmessage-length 0 -stack-protector 1 -fblocks -fobjc-runtime=macosx-10.11.0 -fencode-extended-block-signature -fmax-type-align=16 -fdiagnostics-show-option -o CMakeFiles/cmTC_eb808.dir/CMakeCCompilerABI.c.o -x c /usr/local/Cellar/cmake/3.19.1/share/cmake/Modules/CMakeCCompilerABI.c
clang -cc1 version 8.0.0 (clang-800.0.38) default target x86_64-apple-darwin15.6.0
#include "..." search starts here:
#include <...> search starts here:
 /usr/local/include
 /Applications/Xcode.app/Contents/Developer/Toolchains/XcodeDefault.xctoolchain/usr/bin/../lib/clang/8.0.0/include
 /Applications/Xcode.app/Contents/Developer/Toolchains/XcodeDefault.xctoolchain/usr/include
 /usr/include
 /System/Library/Frameworks (framework directory)
 /Library/Frameworks (framework directory)
End of search list.
Linking C executable cmTC_eb808
/usr/local/Cellar/cmake/3.19.1/bin/cmake -E cmake_link_script CMakeFiles/cmTC_eb808.dir/link.txt --verbose=1
/Applications/Xcode.app/Contents/Developer/Toolchains/XcodeDefault.xctoolchain/usr/bin/cc -Wl,-search_paths_first -Wl,-headerpad_max_install_names  -v -Wl,-v CMakeFiles/cmTC_eb808.dir/CMakeCCompilerABI.c.o -o cmTC_eb808 
Apple LLVM version 8.0.0 (clang-800.0.38)
Target: x86_64-apple-darwin15.6.0
Thread model: posix
InstalledDir: /Applications/Xcode.app/Contents/Developer/Toolchains/XcodeDefault.xctoolchain/usr/bin
 "/Applications/Xcode.app/Contents/Developer/Toolchains/XcodeDefault.xctoolchain/usr/bin/ld" -demangle -dynamic -arch x86_64 -macosx_version_min 10.11.0 -o cmTC_eb808 -search_paths_first -headerpad_max_install_names -v CMakeFiles/cmTC_eb808.dir/CMakeCCompilerABI.c.o -lSystem /Applications/Xcode.app/Contents/Developer/Toolchains/XcodeDefault.xctoolchain/usr/bin/../lib/clang/8.0.0/lib/darwin/libclang_rt.osx.a
@(#)PROGRAM:ld  PROJECT:ld64-274.1
configured to support archs: armv6 armv7 armv7s arm64 i386 x86_64 x86_64h armv6m armv7k armv7m armv7em (tvOS)
Library search paths:
	/usr/lib
	/usr/local/lib
Framework search paths:
	/Library/Frameworks/
	/System/Library/Frameworks/



Parsed C implicit include dir info from above output: rv=done
  found start of include info
  found start of implicit include info
    add: [/usr/local/include]
    add: [/Applications/Xcode.app/Contents/Developer/Toolchains/XcodeDefault.xctoolchain/usr/bin/../lib/clang/8.0.0/include]
    add: [/Applications/Xcode.app/Contents/Developer/Toolchains/XcodeDefault.xctoolchain/usr/include]
    add: [/usr/include]
  end of search list found
  collapse include dir [/usr/local/include] ==> [/usr/local/include]
  collapse include dir [/Applications/Xcode.app/Contents/Developer/Toolchains/XcodeDefault.xctoolchain/usr/bin/../lib/clang/8.0.0/include] ==> [/Applications/Xcode.app/Contents/Developer/Toolchains/XcodeDefault.xctoolchain/usr/lib/clang/8.0.0/include]
  collapse include dir [/Applications/Xcode.app/Contents/Developer/Toolchains/XcodeDefault.xctoolchain/usr/include] ==> [/Applications/Xcode.app/Contents/Developer/Toolchains/XcodeDefault.xctoolchain/usr/include]
  collapse include dir [/usr/include] ==> [/usr/include]
  implicit include dirs: [/usr/local/include;/Applications/Xcode.app/Contents/Developer/Toolchains/XcodeDefault.xctoolchain/usr/lib/clang/8.0.0/include;/Applications/Xcode.app/Contents/Developer/Toolchains/XcodeDefault.xctoolchain/usr/include;/usr/include]


Parsed C implicit link information from above output:
  link line regex: [^( *|.*[/\])(ld|CMAKE_LINK_STARTFILE-NOTFOUND|([^/\]+-)?ld|collect2)[^/\]*( |$)]
  ignore line: [Change Dir: /Users/aleksandar/Projects/SuperCollider/_KStrongDecay/build/CMakeFiles/CMakeTmp]
  ignore line: []
  ignore line: [Run Build Command(s):/usr/bin/make cmTC_eb808/fast && /Applications/Xcode.app/Contents/Developer/usr/bin/make  -f CMakeFiles/cmTC_eb808.dir/build.make CMakeFiles/cmTC_eb808.dir/build]
  ignore line: [Building C object CMakeFiles/cmTC_eb808.dir/CMakeCCompilerABI.c.o]
  ignore line: [/Applications/Xcode.app/Contents/Developer/Toolchains/XcodeDefault.xctoolchain/usr/bin/cc   -v -Wl -v -o CMakeFiles/cmTC_eb808.dir/CMakeCCompilerABI.c.o -c /usr/local/Cellar/cmake/3.19.1/share/cmake/Modules/CMakeCCompilerABI.c]
  ignore line: [Apple LLVM version 8.0.0 (clang-800.0.38)]
  ignore line: [Target: x86_64-apple-darwin15.6.0]
  ignore line: [Thread model: posix]
  ignore line: [InstalledDir: /Applications/Xcode.app/Contents/Developer/Toolchains/XcodeDefault.xctoolchain/usr/bin]
  ignore line: [clang: warning: -Wl -v: 'linker' input unused]
  ignore line: [ "/Applications/Xcode.app/Contents/Developer/Toolchains/XcodeDefault.xctoolchain/usr/bin/clang" -cc1 -triple x86_64-apple-macosx10.11.0 -Wdeprecated-objc-isa-usage -Werror=deprecated-objc-isa-usage -emit-obj -mrelax-all -disable-free -disable-llvm-verifier -discard-value-names -main-file-name CMakeCCompilerABI.c -mrelocation-model pic -pic-level 2 -mthread-model posix -mdisable-fp-elim -masm-verbose -munwind-tables -target-cpu core2 -target-linker-version 274.1 -v -dwarf-column-info -debugger-tuning=lldb -coverage-file /Users/aleksandar/Projects/SuperCollider/_KStrongDecay/build/CMakeFiles/CMakeTmp/CMakeFiles/cmTC_eb808.dir/CMakeCCompilerABI.c.o -resource-dir /Applications/Xcode.app/Contents/Developer/Toolchains/XcodeDefault.xctoolchain/usr/bin/../lib/clang/8.0.0 -fdebug-compilation-dir /Users/aleksandar/Projects/SuperCollider/_KStrongDecay/build/CMakeFiles/CMakeTmp -ferror-limit 19 -fmessage-length 0 -stack-protector 1 -fblocks -fobjc-runtime=macosx-10.11.0 -fencode-extended-block-signature -fmax-type-align=16 -fdiagnostics-show-option -o CMakeFiles/cmTC_eb808.dir/CMakeCCompilerABI.c.o -x c /usr/local/Cellar/cmake/3.19.1/share/cmake/Modules/CMakeCCompilerABI.c]
  ignore line: [clang -cc1 version 8.0.0 (clang-800.0.38) default target x86_64-apple-darwin15.6.0]
  ignore line: [#include "..." search starts here:]
  ignore line: [#include <...> search starts here:]
  ignore line: [ /usr/local/include]
  ignore line: [ /Applications/Xcode.app/Contents/Developer/Toolchains/XcodeDefault.xctoolchain/usr/bin/../lib/clang/8.0.0/include]
  ignore line: [ /Applications/Xcode.app/Contents/Developer/Toolchains/XcodeDefault.xctoolchain/usr/include]
  ignore line: [ /usr/include]
  ignore line: [ /System/Library/Frameworks (framework directory)]
  ignore line: [ /Library/Frameworks (framework directory)]
  ignore line: [End of search list.]
  ignore line: [Linking C executable cmTC_eb808]
  ignore line: [/usr/local/Cellar/cmake/3.19.1/bin/cmake -E cmake_link_script CMakeFiles/cmTC_eb808.dir/link.txt --verbose=1]
  ignore line: [/Applications/Xcode.app/Contents/Developer/Toolchains/XcodeDefault.xctoolchain/usr/bin/cc -Wl -search_paths_first -Wl -headerpad_max_install_names  -v -Wl -v CMakeFiles/cmTC_eb808.dir/CMakeCCompilerABI.c.o -o cmTC_eb808 ]
  ignore line: [Apple LLVM version 8.0.0 (clang-800.0.38)]
  ignore line: [Target: x86_64-apple-darwin15.6.0]
  ignore line: [Thread model: posix]
  ignore line: [InstalledDir: /Applications/Xcode.app/Contents/Developer/Toolchains/XcodeDefault.xctoolchain/usr/bin]
  link line: [ "/Applications/Xcode.app/Contents/Developer/Toolchains/XcodeDefault.xctoolchain/usr/bin/ld" -demangle -dynamic -arch x86_64 -macosx_version_min 10.11.0 -o cmTC_eb808 -search_paths_first -headerpad_max_install_names -v CMakeFiles/cmTC_eb808.dir/CMakeCCompilerABI.c.o -lSystem /Applications/Xcode.app/Contents/Developer/Toolchains/XcodeDefault.xctoolchain/usr/bin/../lib/clang/8.0.0/lib/darwin/libclang_rt.osx.a]
    arg [/Applications/Xcode.app/Contents/Developer/Toolchains/XcodeDefault.xctoolchain/usr/bin/ld] ==> ignore
    arg [-demangle] ==> ignore
    arg [-dynamic] ==> ignore
    arg [-arch] ==> ignore
    arg [x86_64] ==> ignore
    arg [-macosx_version_min] ==> ignore
    arg [10.11.0] ==> ignore
    arg [-o] ==> ignore
    arg [cmTC_eb808] ==> ignore
    arg [-search_paths_first] ==> ignore
    arg [-headerpad_max_install_names] ==> ignore
    arg [-v] ==> ignore
    arg [CMakeFiles/cmTC_eb808.dir/CMakeCCompilerABI.c.o] ==> ignore
    arg [-lSystem] ==> lib [System]
    arg [/Applications/Xcode.app/Contents/Developer/Toolchains/XcodeDefault.xctoolchain/usr/bin/../lib/clang/8.0.0/lib/darwin/libclang_rt.osx.a] ==> lib [/Applications/Xcode.app/Contents/Developer/Toolchains/XcodeDefault.xctoolchain/usr/bin/../lib/clang/8.0.0/lib/darwin/libclang_rt.osx.a]
  Library search paths: [;/usr/lib;/usr/local/lib]
  Framework search paths: [;/Library/Frameworks/;/System/Library/Frameworks/]
  remove lib [System]
  remove lib [/Applications/Xcode.app/Contents/Developer/Toolchains/XcodeDefault.xctoolchain/usr/bin/../lib/clang/8.0.0/lib/darwin/libclang_rt.osx.a]
  collapse library dir [/usr/lib] ==> [/usr/lib]
  collapse library dir [/usr/local/lib] ==> [/usr/local/lib]
  collapse framework dir [/Library/Frameworks/] ==> [/Library/Frameworks]
  collapse framework dir [/System/Library/Frameworks/] ==> [/System/Library/Frameworks]
  implicit libs: []
  implicit dirs: [/usr/lib;/usr/local/lib]
  implicit fwks: [/Library/Frameworks;/System/Library/Frameworks]


Detecting CXX compiler ABI info compiled with the following output:
Change Dir: /Users/aleksandar/Projects/SuperCollider/_KStrongDecay/build/CMakeFiles/CMakeTmp

Run Build Command(s):/usr/bin/make cmTC_01df2/fast && /Applications/Xcode.app/Contents/Developer/usr/bin/make  -f CMakeFiles/cmTC_01df2.dir/build.make CMakeFiles/cmTC_01df2.dir/build
Building CXX object CMakeFiles/cmTC_01df2.dir/CMakeCXXCompilerABI.cpp.o
/Applications/Xcode.app/Contents/Developer/Toolchains/XcodeDefault.xctoolchain/usr/bin/c++   -v -Wl,-v -o CMakeFiles/cmTC_01df2.dir/CMakeCXXCompilerABI.cpp.o -c /usr/local/Cellar/cmake/3.19.1/share/cmake/Modules/CMakeCXXCompilerABI.cpp
Apple LLVM version 8.0.0 (clang-800.0.38)
Target: x86_64-apple-darwin15.6.0
Thread model: posix
InstalledDir: /Applications/Xcode.app/Contents/Developer/Toolchains/XcodeDefault.xctoolchain/usr/bin
clang: warning: -Wl,-v: 'linker' input unused
 "/Applications/Xcode.app/Contents/Developer/Toolchains/XcodeDefault.xctoolchain/usr/bin/clang" -cc1 -triple x86_64-apple-macosx10.11.0 -Wdeprecated-objc-isa-usage -Werror=deprecated-objc-isa-usage -emit-obj -mrelax-all -disable-free -disable-llvm-verifier -discard-value-names -main-file-name CMakeCXXCompilerABI.cpp -mrelocation-model pic -pic-level 2 -mthread-model posix -mdisable-fp-elim -masm-verbose -munwind-tables -target-cpu core2 -target-linker-version 274.1 -v -dwarf-column-info -debugger-tuning=lldb -coverage-file /Users/aleksandar/Projects/SuperCollider/_KStrongDecay/build/CMakeFiles/CMakeTmp/CMakeFiles/cmTC_01df2.dir/CMakeCXXCompilerABI.cpp.o -resource-dir /Applications/Xcode.app/Contents/Developer/Toolchains/XcodeDefault.xctoolchain/usr/bin/../lib/clang/8.0.0 -stdlib=libc++ -fdeprecated-macro -fdebug-compilation-dir /Users/aleksandar/Projects/SuperCollider/_KStrongDecay/build/CMakeFiles/CMakeTmp -ferror-limit 19 -fmessage-length 0 -stack-protector 1 -fblocks -fobjc-runtime=macosx-10.11.0 -fencode-extended-block-signature -fcxx-exceptions -fexceptions -fmax-type-align=16 -fdiagnostics-show-option -o CMakeFiles/cmTC_01df2.dir/CMakeCXXCompilerABI.cpp.o -x c++ /usr/local/Cellar/cmake/3.19.1/share/cmake/Modules/CMakeCXXCompilerABI.cpp
clang -cc1 version 8.0.0 (clang-800.0.38) default target x86_64-apple-darwin15.6.0
ignoring nonexistent directory "/usr/include/c++/v1"
#include "..." search starts here:
#include <...> search starts here:
 /Applications/Xcode.app/Contents/Developer/Toolchains/XcodeDefault.xctoolchain/usr/bin/../include/c++/v1
 /usr/local/include
 /Applications/Xcode.app/Contents/Developer/Toolchains/XcodeDefault.xctoolchain/usr/bin/../lib/clang/8.0.0/include
 /Applications/Xcode.app/Contents/Developer/Toolchains/XcodeDefault.xctoolchain/usr/include
 /usr/include
 /System/Library/Frameworks (framework directory)
 /Library/Frameworks (framework directory)
End of search list.
Linking CXX executable cmTC_01df2
/usr/local/Cellar/cmake/3.19.1/bin/cmake -E cmake_link_script CMakeFiles/cmTC_01df2.dir/link.txt --verbose=1
/Applications/Xcode.app/Contents/Developer/Toolchains/XcodeDefault.xctoolchain/usr/bin/c++ -Wl,-search_paths_first -Wl,-headerpad_max_install_names  -v -Wl,-v CMakeFiles/cmTC_01df2.dir/CMakeCXXCompilerABI.cpp.o -o cmTC_01df2 
Apple LLVM version 8.0.0 (clang-800.0.38)
Target: x86_64-apple-darwin15.6.0
Thread model: posix
InstalledDir: /Applications/Xcode.app/Contents/Developer/Toolchains/XcodeDefault.xctoolchain/usr/bin
 "/Applications/Xcode.app/Contents/Developer/Toolchains/XcodeDefault.xctoolchain/usr/bin/ld" -demangle -dynamic -arch x86_64 -macosx_version_min 10.11.0 -o cmTC_01df2 -search_paths_first -headerpad_max_install_names -v CMakeFiles/cmTC_01df2.dir/CMakeCXXCompilerABI.cpp.o -lc++ -lSystem /Applications/Xcode.app/Contents/Developer/Toolchains/XcodeDefault.xctoolchain/usr/bin/../lib/clang/8.0.0/lib/darwin/libclang_rt.osx.a
@(#)PROGRAM:ld  PROJECT:ld64-274.1
configured to support archs: armv6 armv7 armv7s arm64 i386 x86_64 x86_64h armv6m armv7k armv7m armv7em (tvOS)
Library search paths:
	/usr/lib
	/usr/local/lib
Framework search paths:
	/Library/Frameworks/
	/System/Library/Frameworks/



Parsed CXX implicit include dir info from above output: rv=done
  found start of include info
  found start of implicit include info
    add: [/Applications/Xcode.app/Contents/Developer/Toolchains/XcodeDefault.xctoolchain/usr/bin/../include/c++/v1]
    add: [/usr/local/include]
    add: [/Applications/Xcode.app/Contents/Developer/Toolchains/XcodeDefault.xctoolchain/usr/bin/../lib/clang/8.0.0/include]
    add: [/Applications/Xcode.app/Contents/Developer/Toolchains/XcodeDefault.xctoolchain/usr/include]
    add: [/usr/include]
  end of search list found
  collapse include dir [/Applications/Xcode.app/Contents/Developer/Toolchains/XcodeDefault.xctoolchain/usr/bin/../include/c++/v1] ==> [/Applications/Xcode.app/Contents/Developer/Toolchains/XcodeDefault.xctoolchain/usr/include/c++/v1]
  collapse include dir [/usr/local/include] ==> [/usr/local/include]
  collapse include dir [/Applications/Xcode.app/Contents/Developer/Toolchains/XcodeDefault.xctoolchain/usr/bin/../lib/clang/8.0.0/include] ==> [/Applications/Xcode.app/Contents/Developer/Toolchains/XcodeDefault.xctoolchain/usr/lib/clang/8.0.0/include]
  collapse include dir [/Applications/Xcode.app/Contents/Developer/Toolchains/XcodeDefault.xctoolchain/usr/include] ==> [/Applications/Xcode.app/Contents/Developer/Toolchains/XcodeDefault.xctoolchain/usr/include]
  collapse include dir [/usr/include] ==> [/usr/include]
  implicit include dirs: [/Applications/Xcode.app/Contents/Developer/Toolchains/XcodeDefault.xctoolchain/usr/include/c++/v1;/usr/local/include;/Applications/Xcode.app/Contents/Developer/Toolchains/XcodeDefault.xctoolchain/usr/lib/clang/8.0.0/include;/Applications/Xcode.app/Contents/Developer/Toolchains/XcodeDefault.xctoolchain/usr/include;/usr/include]


Parsed CXX implicit link information from above output:
  link line regex: [^( *|.*[/\])(ld|CMAKE_LINK_STARTFILE-NOTFOUND|([^/\]+-)?ld|collect2)[^/\]*( |$)]
  ignore line: [Change Dir: /Users/aleksandar/Projects/SuperCollider/_KStrongDecay/build/CMakeFiles/CMakeTmp]
  ignore line: []
  ignore line: [Run Build Command(s):/usr/bin/make cmTC_01df2/fast && /Applications/Xcode.app/Contents/Developer/usr/bin/make  -f CMakeFiles/cmTC_01df2.dir/build.make CMakeFiles/cmTC_01df2.dir/build]
  ignore line: [Building CXX object CMakeFiles/cmTC_01df2.dir/CMakeCXXCompilerABI.cpp.o]
  ignore line: [/Applications/Xcode.app/Contents/Developer/Toolchains/XcodeDefault.xctoolchain/usr/bin/c++   -v -Wl -v -o CMakeFiles/cmTC_01df2.dir/CMakeCXXCompilerABI.cpp.o -c /usr/local/Cellar/cmake/3.19.1/share/cmake/Modules/CMakeCXXCompilerABI.cpp]
  ignore line: [Apple LLVM version 8.0.0 (clang-800.0.38)]
  ignore line: [Target: x86_64-apple-darwin15.6.0]
  ignore line: [Thread model: posix]
  ignore line: [InstalledDir: /Applications/Xcode.app/Contents/Developer/Toolchains/XcodeDefault.xctoolchain/usr/bin]
  ignore line: [clang: warning: -Wl -v: 'linker' input unused]
  ignore line: [ "/Applications/Xcode.app/Contents/Developer/Toolchains/XcodeDefault.xctoolchain/usr/bin/clang" -cc1 -triple x86_64-apple-macosx10.11.0 -Wdeprecated-objc-isa-usage -Werror=deprecated-objc-isa-usage -emit-obj -mrelax-all -disable-free -disable-llvm-verifier -discard-value-names -main-file-name CMakeCXXCompilerABI.cpp -mrelocation-model pic -pic-level 2 -mthread-model posix -mdisable-fp-elim -masm-verbose -munwind-tables -target-cpu core2 -target-linker-version 274.1 -v -dwarf-column-info -debugger-tuning=lldb -coverage-file /Users/aleksandar/Projects/SuperCollider/_KStrongDecay/build/CMakeFiles/CMakeTmp/CMakeFiles/cmTC_01df2.dir/CMakeCXXCompilerABI.cpp.o -resource-dir /Applications/Xcode.app/Contents/Developer/Toolchains/XcodeDefault.xctoolchain/usr/bin/../lib/clang/8.0.0 -stdlib=libc++ -fdeprecated-macro -fdebug-compilation-dir /Users/aleksandar/Projects/SuperCollider/_KStrongDecay/build/CMakeFiles/CMakeTmp -ferror-limit 19 -fmessage-length 0 -stack-protector 1 -fblocks -fobjc-runtime=macosx-10.11.0 -fencode-extended-block-signature -fcxx-exceptions -fexceptions -fmax-type-align=16 -fdiagnostics-show-option -o CMakeFiles/cmTC_01df2.dir/CMakeCXXCompilerABI.cpp.o -x c++ /usr/local/Cellar/cmake/3.19.1/share/cmake/Modules/CMakeCXXCompilerABI.cpp]
  ignore line: [clang -cc1 version 8.0.0 (clang-800.0.38) default target x86_64-apple-darwin15.6.0]
  ignore line: [ignoring nonexistent directory "/usr/include/c++/v1"]
  ignore line: [#include "..." search starts here:]
  ignore line: [#include <...> search starts here:]
  ignore line: [ /Applications/Xcode.app/Contents/Developer/Toolchains/XcodeDefault.xctoolchain/usr/bin/../include/c++/v1]
  ignore line: [ /usr/local/include]
  ignore line: [ /Applications/Xcode.app/Contents/Developer/Toolchains/XcodeDefault.xctoolchain/usr/bin/../lib/clang/8.0.0/include]
  ignore line: [ /Applications/Xcode.app/Contents/Developer/Toolchains/XcodeDefault.xctoolchain/usr/include]
  ignore line: [ /usr/include]
  ignore line: [ /System/Library/Frameworks (framework directory)]
  ignore line: [ /Library/Frameworks (framework directory)]
  ignore line: [End of search list.]
  ignore line: [Linking CXX executable cmTC_01df2]
  ignore line: [/usr/local/Cellar/cmake/3.19.1/bin/cmake -E cmake_link_script CMakeFiles/cmTC_01df2.dir/link.txt --verbose=1]
  ignore line: [/Applications/Xcode.app/Contents/Developer/Toolchains/XcodeDefault.xctoolchain/usr/bin/c++ -Wl -search_paths_first -Wl -headerpad_max_install_names  -v -Wl -v CMakeFiles/cmTC_01df2.dir/CMakeCXXCompilerABI.cpp.o -o cmTC_01df2 ]
  ignore line: [Apple LLVM version 8.0.0 (clang-800.0.38)]
  ignore line: [Target: x86_64-apple-darwin15.6.0]
  ignore line: [Thread model: posix]
  ignore line: [InstalledDir: /Applications/Xcode.app/Contents/Developer/Toolchains/XcodeDefault.xctoolchain/usr/bin]
  link line: [ "/Applications/Xcode.app/Contents/Developer/Toolchains/XcodeDefault.xctoolchain/usr/bin/ld" -demangle -dynamic -arch x86_64 -macosx_version_min 10.11.0 -o cmTC_01df2 -search_paths_first -headerpad_max_install_names -v CMakeFiles/cmTC_01df2.dir/CMakeCXXCompilerABI.cpp.o -lc++ -lSystem /Applications/Xcode.app/Contents/Developer/Toolchains/XcodeDefault.xctoolchain/usr/bin/../lib/clang/8.0.0/lib/darwin/libclang_rt.osx.a]
    arg [/Applications/Xcode.app/Contents/Developer/Toolchains/XcodeDefault.xctoolchain/usr/bin/ld] ==> ignore
    arg [-demangle] ==> ignore
    arg [-dynamic] ==> ignore
    arg [-arch] ==> ignore
    arg [x86_64] ==> ignore
    arg [-macosx_version_min] ==> ignore
    arg [10.11.0] ==> ignore
    arg [-o] ==> ignore
    arg [cmTC_01df2] ==> ignore
    arg [-search_paths_first] ==> ignore
    arg [-headerpad_max_install_names] ==> ignore
    arg [-v] ==> ignore
    arg [CMakeFiles/cmTC_01df2.dir/CMakeCXXCompilerABI.cpp.o] ==> ignore
    arg [-lc++] ==> lib [c++]
    arg [-lSystem] ==> lib [System]
    arg [/Applications/Xcode.app/Contents/Developer/Toolchains/XcodeDefault.xctoolchain/usr/bin/../lib/clang/8.0.0/lib/darwin/libclang_rt.osx.a] ==> lib [/Applications/Xcode.app/Contents/Developer/Toolchains/XcodeDefault.xctoolchain/usr/bin/../lib/clang/8.0.0/lib/darwin/libclang_rt.osx.a]
  Library search paths: [;/usr/lib;/usr/local/lib]
  Framework search paths: [;/Library/Frameworks/;/System/Library/Frameworks/]
  remove lib [System]
  remove lib [/Applications/Xcode.app/Contents/Developer/Toolchains/XcodeDefault.xctoolchain/usr/bin/../lib/clang/8.0.0/lib/darwin/libclang_rt.osx.a]
  collapse library dir [/usr/lib] ==> [/usr/lib]
  collapse library dir [/usr/local/lib] ==> [/usr/local/lib]
  collapse framework dir [/Library/Frameworks/] ==> [/Library/Frameworks]
  collapse framework dir [/System/Library/Frameworks/] ==> [/System/Library/Frameworks]
  implicit libs: [c++]
  implicit dirs: [/usr/lib;/usr/local/lib]
  implicit fwks: [/Library/Frameworks;/System/Library/Frameworks]


Performing C SOURCE FILE Test HAS_SSE succeeded with the following output:
Change Dir: /Users/aleksandar/Projects/SuperCollider/_KStrongDecay/build/CMakeFiles/CMakeTmp

Run Build Command(s):/usr/bin/make cmTC_e1fc2/fast && /Applications/Xcode.app/Contents/Developer/usr/bin/make  -f CMakeFiles/cmTC_e1fc2.dir/build.make CMakeFiles/cmTC_e1fc2.dir/build
Building C object CMakeFiles/cmTC_e1fc2.dir/src.c.o
/Applications/Xcode.app/Contents/Developer/Toolchains/XcodeDefault.xctoolchain/usr/bin/cc -DHAS_SSE  -msse -o CMakeFiles/cmTC_e1fc2.dir/src.c.o -c /Users/aleksandar/Projects/SuperCollider/_KStrongDecay/build/CMakeFiles/CMakeTmp/src.c
Linking C executable cmTC_e1fc2
/usr/local/Cellar/cmake/3.19.1/bin/cmake -E cmake_link_script CMakeFiles/cmTC_e1fc2.dir/link.txt --verbose=1
/Applications/Xcode.app/Contents/Developer/Toolchains/XcodeDefault.xctoolchain/usr/bin/cc -Wl,-search_paths_first -Wl,-headerpad_max_install_names CMakeFiles/cmTC_e1fc2.dir/src.c.o -o cmTC_e1fc2 


Source file was:
int main(void) { return 0; }
Performing C++ SOURCE FILE Test HAS_CXX_SSE succeeded with the following output:
Change Dir: /Users/aleksandar/Projects/SuperCollider/_KStrongDecay/build/CMakeFiles/CMakeTmp

Run Build Command(s):/usr/bin/make cmTC_9fd5f/fast && /Applications/Xcode.app/Contents/Developer/usr/bin/make  -f CMakeFiles/cmTC_9fd5f.dir/build.make CMakeFiles/cmTC_9fd5f.dir/build
Building CXX object CMakeFiles/cmTC_9fd5f.dir/src.cxx.o
/Applications/Xcode.app/Contents/Developer/Toolchains/XcodeDefault.xctoolchain/usr/bin/c++ -DHAS_CXX_SSE  -msse -o CMakeFiles/cmTC_9fd5f.dir/src.cxx.o -c /Users/aleksandar/Projects/SuperCollider/_KStrongDecay/build/CMakeFiles/CMakeTmp/src.cxx
Linking CXX executable cmTC_9fd5f
/usr/local/Cellar/cmake/3.19.1/bin/cmake -E cmake_link_script CMakeFiles/cmTC_9fd5f.dir/link.txt --verbose=1
/Applications/Xcode.app/Contents/Developer/Toolchains/XcodeDefault.xctoolchain/usr/bin/c++ -Wl,-search_paths_first -Wl,-headerpad_max_install_names CMakeFiles/cmTC_9fd5f.dir/src.cxx.o -o cmTC_9fd5f 


Source file was:
int main() { return 0; }
Performing C SOURCE FILE Test HAS_SSE2 succeeded with the following output:
Change Dir: /Users/aleksandar/Projects/SuperCollider/_KStrongDecay/build/CMakeFiles/CMakeTmp

Run Build Command(s):/usr/bin/make cmTC_9c938/fast && /Applications/Xcode.app/Contents/Developer/usr/bin/make  -f CMakeFiles/cmTC_9c938.dir/build.make CMakeFiles/cmTC_9c938.dir/build
Building C object CMakeFiles/cmTC_9c938.dir/src.c.o
/Applications/Xcode.app/Contents/Developer/Toolchains/XcodeDefault.xctoolchain/usr/bin/cc -DHAS_SSE2  -msse    -msse2 -o CMakeFiles/cmTC_9c938.dir/src.c.o -c /Users/aleksandar/Projects/SuperCollider/_KStrongDecay/build/CMakeFiles/CMakeTmp/src.c
Linking C executable cmTC_9c938
/usr/local/Cellar/cmake/3.19.1/bin/cmake -E cmake_link_script CMakeFiles/cmTC_9c938.dir/link.txt --verbose=1
/Applications/Xcode.app/Contents/Developer/Toolchains/XcodeDefault.xctoolchain/usr/bin/cc  -msse  -Wl,-search_paths_first -Wl,-headerpad_max_install_names CMakeFiles/cmTC_9c938.dir/src.c.o -o cmTC_9c938 


Source file was:
int main(void) { return 0; }
Performing C++ SOURCE FILE Test HAS_CXX_SSE2 succeeded with the following output:
Change Dir: /Users/aleksandar/Projects/SuperCollider/_KStrongDecay/build/CMakeFiles/CMakeTmp

Run Build Command(s):/usr/bin/make cmTC_40b25/fast && /Applications/Xcode.app/Contents/Developer/usr/bin/make  -f CMakeFiles/cmTC_40b25.dir/build.make CMakeFiles/cmTC_40b25.dir/build
Building CXX object CMakeFiles/cmTC_40b25.dir/src.cxx.o
/Applications/Xcode.app/Contents/Developer/Toolchains/XcodeDefault.xctoolchain/usr/bin/c++ -DHAS_CXX_SSE2  -msse    -msse2 -o CMakeFiles/cmTC_40b25.dir/src.cxx.o -c /Users/aleksandar/Projects/SuperCollider/_KStrongDecay/build/CMakeFiles/CMakeTmp/src.cxx
Linking CXX executable cmTC_40b25
/usr/local/Cellar/cmake/3.19.1/bin/cmake -E cmake_link_script CMakeFiles/cmTC_40b25.dir/link.txt --verbose=1
/Applications/Xcode.app/Contents/Developer/Toolchains/XcodeDefault.xctoolchain/usr/bin/c++  -msse  -Wl,-search_paths_first -Wl,-headerpad_max_install_names CMakeFiles/cmTC_40b25.dir/src.cxx.o -o cmTC_40b25 


Source file was:
int main() { return 0; }
Performing C SOURCE FILE Test HAS_FPMATH_SSE succeeded with the following output:
Change Dir: /Users/aleksandar/Projects/SuperCollider/_KStrongDecay/build/CMakeFiles/CMakeTmp

Run Build Command(s):/usr/bin/make cmTC_e85d6/fast && /Applications/Xcode.app/Contents/Developer/usr/bin/make  -f CMakeFiles/cmTC_e85d6.dir/build.make CMakeFiles/cmTC_e85d6.dir/build
Building C object CMakeFiles/cmTC_e85d6.dir/src.c.o
/Applications/Xcode.app/Contents/Developer/Toolchains/XcodeDefault.xctoolchain/usr/bin/cc -DHAS_FPMATH_SSE  -msse -msse2    -mfpmath=sse -o CMakeFiles/cmTC_e85d6.dir/src.c.o -c /Users/aleksandar/Projects/SuperCollider/_KStrongDecay/build/CMakeFiles/CMakeTmp/src.c
Linking C executable cmTC_e85d6
/usr/local/Cellar/cmake/3.19.1/bin/cmake -E cmake_link_script CMakeFiles/cmTC_e85d6.dir/link.txt --verbose=1
/Applications/Xcode.app/Contents/Developer/Toolchains/XcodeDefault.xctoolchain/usr/bin/cc  -msse -msse2  -Wl,-search_paths_first -Wl,-headerpad_max_install_names CMakeFiles/cmTC_e85d6.dir/src.c.o -o cmTC_e85d6 


Source file was:
int main(void) { return 0; }
Performing C++ SOURCE FILE Test HAS_CXX_FPMATH_SSE succeeded with the following output:
Change Dir: /Users/aleksandar/Projects/SuperCollider/_KStrongDecay/build/CMakeFiles/CMakeTmp

Run Build Command(s):/usr/bin/make cmTC_0faae/fast && /Applications/Xcode.app/Contents/Developer/usr/bin/make  -f CMakeFiles/cmTC_0faae.dir/build.make CMakeFiles/cmTC_0faae.dir/build
Building CXX object CMakeFiles/cmTC_0faae.dir/src.cxx.o
/Applications/Xcode.app/Contents/Developer/Toolchains/XcodeDefault.xctoolchain/usr/bin/c++ -DHAS_CXX_FPMATH_SSE  -msse -msse2    -mfpmath=sse -o CMakeFiles/cmTC_0faae.dir/src.cxx.o -c /Users/aleksandar/Projects/SuperCollider/_KStrongDecay/build/CMakeFiles/CMakeTmp/src.cxx
Linking CXX executable cmTC_0faae
/usr/local/Cellar/cmake/3.19.1/bin/cmake -E cmake_link_script CMakeFiles/cmTC_0faae.dir/link.txt --verbose=1
/Applications/Xcode.app/Contents/Developer/Toolchains/XcodeDefault.xctoolchain/usr/bin/c++  -msse -msse2  -Wl,-search_paths_first -Wl,-headerpad_max_install_names CMakeFiles/cmTC_0faae.dir/src.cxx.o -o cmTC_0faae 


Source file was:
int main() { return 0; }
